mode: count
bitmap-usage/bulk/group.go:11.35,13.2 1 1
bitmap-usage/bulk/group.go:15.30,18.2 2 1
bitmap-usage/bulk/group.go:20.38,23.12 3 3
bitmap-usage/bulk/group.go:23.12,25.47 2 3
bitmap-usage/bulk/group.go:28.3,28.12 1 3
bitmap-usage/bulk/group.go:25.47,27.4 1 0
bitmap-usage/index-map/indexer.go:8.63,10.44 2 34
bitmap-usage/index-map/indexer.go:17.2,17.32 1 34
bitmap-usage/index-map/indexer.go:10.44,11.55 1 62
bitmap-usage/index-map/indexer.go:11.55,13.4 1 35
bitmap-usage/index-map/indexer.go:13.9,15.4 1 27
bitmap-usage/index-map/model.go:14.52,16.2 1 32
bitmap-usage/index-map/optimization.go:51.77,54.44 2 23
bitmap-usage/index-map/optimization.go:61.2,64.48 4 23
bitmap-usage/index-map/optimization.go:107.2,109.16 2 23
bitmap-usage/index-map/optimization.go:113.2,113.15 1 0
bitmap-usage/index-map/optimization.go:54.44,55.55 1 48
bitmap-usage/index-map/optimization.go:55.55,57.4 1 25
bitmap-usage/index-map/optimization.go:57.9,59.4 1 23
bitmap-usage/index-map/optimization.go:64.48,69.26 3 25
bitmap-usage/index-map/optimization.go:78.3,81.26 3 25
bitmap-usage/index-map/optimization.go:104.3,105.37 2 25
bitmap-usage/index-map/optimization.go:69.26,70.34 1 48
bitmap-usage/index-map/optimization.go:70.34,71.29 1 70
bitmap-usage/index-map/optimization.go:71.29,74.6 2 42
bitmap-usage/index-map/optimization.go:81.26,82.34 1 48
bitmap-usage/index-map/optimization.go:102.4,102.21 1 48
bitmap-usage/index-map/optimization.go:82.34,83.34 1 37
bitmap-usage/index-map/optimization.go:83.34,88.6 3 52
bitmap-usage/index-map/optimization.go:89.10,94.42 4 11
bitmap-usage/index-map/optimization.go:99.5,100.32 2 11
bitmap-usage/index-map/optimization.go:94.42,98.6 3 18
bitmap-usage/index-map/optimization.go:109.16,111.3 1 23
bitmap-usage/index-map/search.go:16.59,23.73 6 32
bitmap-usage/index-map/search.go:37.2,37.42 1 32
bitmap-usage/index-map/search.go:82.2,82.15 1 22
bitmap-usage/index-map/search.go:85.2,85.37 1 8
bitmap-usage/index-map/search.go:88.2,88.104 1 4
bitmap-usage/index-map/search.go:23.73,25.15 2 16
bitmap-usage/index-map/search.go:25.15,26.33 1 15
bitmap-usage/index-map/search.go:26.34,28.5 0 5
bitmap-usage/index-map/search.go:28.10,30.48 2 10
bitmap-usage/index-map/search.go:30.48,32.6 1 3
bitmap-usage/index-map/search.go:37.42,39.77 2 49
bitmap-usage/index-map/search.go:39.77,41.28 2 30
bitmap-usage/index-map/search.go:66.4,66.28 1 30
bitmap-usage/index-map/search.go:41.28,43.5 1 10
bitmap-usage/index-map/search.go:43.10,44.37 1 20
bitmap-usage/index-map/search.go:44.37,46.31 2 26
bitmap-usage/index-map/search.go:58.6,58.15 1 26
bitmap-usage/index-map/search.go:46.31,48.7 1 11
bitmap-usage/index-map/search.go:48.12,49.34 1 15
bitmap-usage/index-map/search.go:49.34,50.27 1 18
bitmap-usage/index-map/search.go:50.27,51.38 1 13
bitmap-usage/index-map/search.go:54.9,54.14 1 13
bitmap-usage/index-map/search.go:51.38,53.10 1 11
bitmap-usage/index-map/search.go:58.15,60.7 1 18
bitmap-usage/index-map/search.go:60.12,62.12 2 8
bitmap-usage/index-map/search.go:66.28,68.30 2 22
bitmap-usage/index-map/search.go:71.5,71.18 1 18
bitmap-usage/index-map/search.go:76.5,76.20 1 18
bitmap-usage/index-map/search.go:68.30,70.6 1 4
bitmap-usage/index-map/search.go:71.18,73.6 1 14
bitmap-usage/index-map/search.go:73.11,75.6 1 4
bitmap-usage/index-map/search.go:76.20,78.6 1 6
bitmap-usage/index-map/search.go:82.15,84.3 1 14
bitmap-usage/index-map/search.go:85.37,87.3 1 4
bitmap-usage/handlers-map64/aggregate-map.go:18.56,21.2 2 2
bitmap-usage/handlers-map64/search-price.go:10.86,16.16 4 2
bitmap-usage/handlers-map64/search-price.go:21.2,23.16 2 2
bitmap-usage/handlers-map64/search-price.go:27.2,29.16 3 1
bitmap-usage/handlers-map64/search-price.go:16.16,19.3 2 0
bitmap-usage/handlers-map64/search-price.go:23.16,26.3 2 1
bitmap-usage/handlers-map64/search-price.go:29.16,33.3 3 0
bitmap-usage/handlers-map64/search-price_helper.go:16.40,30.2 7 2
bitmap-usage/handlers-map64/search-price_helper.go:32.93,46.2 8 1
bitmap-usage/handlers-map64/search-price_helper.go:48.96,67.2 13 1
bitmap-usage/handlers-map/search-price-bulk-v2.go:11.92,17.16 4 0
bitmap-usage/handlers-map/search-price-bulk-v2.go:21.2,27.42 5 0
bitmap-usage/handlers-map/search-price-bulk-v2.go:45.2,45.33 1 0
bitmap-usage/handlers-map/search-price-bulk-v2.go:49.2,50.16 2 0
bitmap-usage/handlers-map/search-price-bulk-v2.go:17.16,20.3 2 0
bitmap-usage/handlers-map/search-price-bulk-v2.go:27.42,29.21 2 0
bitmap-usage/handlers-map/search-price-bulk-v2.go:29.21,33.18 2 0
bitmap-usage/handlers-map/search-price-bulk-v2.go:36.4,36.20 1 0
bitmap-usage/handlers-map/search-price-bulk-v2.go:41.4,41.14 1 0
bitmap-usage/handlers-map/search-price-bulk-v2.go:33.18,35.5 1 0
bitmap-usage/handlers-map/search-price-bulk-v2.go:36.20,38.5 1 0
bitmap-usage/handlers-map/search-price-bulk-v2.go:38.10,40.5 1 0
bitmap-usage/handlers-map/search-price-bulk-v2.go:45.33,48.3 2 0
bitmap-usage/handlers-map/search-price-bulk-v2.go:50.16,54.3 3 0
bitmap-usage/handlers-map/search-price-bulk-v4.go:19.92,22.20 3 0
bitmap-usage/handlers-map/search-price-bulk-v4.go:32.2,37.16 4 0
bitmap-usage/handlers-map/search-price-bulk-v4.go:41.2,50.42 5 0
bitmap-usage/handlers-map/search-price-bulk-v4.go:70.2,70.33 1 0
bitmap-usage/handlers-map/search-price-bulk-v4.go:75.2,76.16 2 0
bitmap-usage/handlers-map/search-price-bulk-v4.go:22.20,24.17 2 0
bitmap-usage/handlers-map/search-price-bulk-v4.go:24.17,27.4 2 0
bitmap-usage/handlers-map/search-price-bulk-v4.go:27.9,29.4 1 0
bitmap-usage/handlers-map/search-price-bulk-v4.go:37.16,40.3 2 0
bitmap-usage/handlers-map/search-price-bulk-v4.go:50.42,52.21 2 0
bitmap-usage/handlers-map/search-price-bulk-v4.go:52.21,55.18 2 0
bitmap-usage/handlers-map/search-price-bulk-v4.go:59.4,59.20 1 0
bitmap-usage/handlers-map/search-price-bulk-v4.go:66.4,66.14 1 0
bitmap-usage/handlers-map/search-price-bulk-v4.go:55.18,58.5 2 0
bitmap-usage/handlers-map/search-price-bulk-v4.go:59.20,61.5 1 0
bitmap-usage/handlers-map/search-price-bulk-v4.go:61.10,64.5 2 0
bitmap-usage/handlers-map/search-price-bulk-v4.go:70.33,74.3 1 0
bitmap-usage/handlers-map/search-price-bulk-v4.go:76.16,80.3 3 0
bitmap-usage/handlers-map/search-price-bulk.go:15.90,21.16 4 0
bitmap-usage/handlers-map/search-price-bulk.go:25.2,28.57 3 0
bitmap-usage/handlers-map/search-price-bulk.go:21.16,24.3 2 0
bitmap-usage/handlers-map/search-price-bulk.go:28.57,31.13 2 0
bitmap-usage/handlers-map/search-price-bulk.go:38.3,40.47 3 0
bitmap-usage/handlers-map/search-price-bulk.go:53.3,53.24 1 0
bitmap-usage/handlers-map/search-price-bulk.go:31.13,32.44 1 0
bitmap-usage/handlers-map/search-price-bulk.go:32.44,35.5 2 0
bitmap-usage/handlers-map/search-price-bulk.go:40.47,44.18 3 0
bitmap-usage/handlers-map/search-price-bulk.go:49.4,49.15 1 0
bitmap-usage/handlers-map/search-price-bulk.go:44.18,47.5 2 0
bitmap-usage/handlers-map/search-price-bulk.go:49.15,51.5 1 0
bitmap-usage/handlers-map/search-price-bulk.go:54.8,57.54 2 0
bitmap-usage/handlers-map/search-price-bulk.go:78.3,78.24 1 0
bitmap-usage/handlers-map/search-price-bulk.go:57.54,60.18 2 0
bitmap-usage/handlers-map/search-price-bulk.go:68.4,69.18 2 0
bitmap-usage/handlers-map/search-price-bulk.go:74.4,74.37 1 0
bitmap-usage/handlers-map/search-price-bulk.go:60.18,61.49 1 0
bitmap-usage/handlers-map/search-price-bulk.go:61.49,63.6 1 0
bitmap-usage/handlers-map/search-price-bulk.go:63.11,66.6 2 0
bitmap-usage/handlers-map/search-price-bulk.go:69.18,72.5 2 0
bitmap-usage/handlers-map/search-price-bulk.go:74.37,76.5 1 0
bitmap-usage/handlers-map/search-price-bulk.go:87.40,88.6 1 0
bitmap-usage/handlers-map/search-price-bulk.go:88.6,93.17 3 0
bitmap-usage/handlers-map/search-price-bulk.go:96.3,96.19 1 0
bitmap-usage/handlers-map/search-price-bulk.go:101.3,101.12 1 0
bitmap-usage/handlers-map/search-price-bulk.go:93.17,95.4 1 0
bitmap-usage/handlers-map/search-price-bulk.go:96.19,98.4 1 0
bitmap-usage/handlers-map/search-price-bulk.go:98.9,100.4 1 0
bitmap-usage/handlers-map/search-price-bulk.go:109.20,110.35 1 0
bitmap-usage/handlers-map/search-price-bulk.go:110.35,113.17 2 0
bitmap-usage/handlers-map/search-price-bulk.go:116.3,116.19 1 0
bitmap-usage/handlers-map/search-price-bulk.go:113.17,115.4 1 0
bitmap-usage/handlers-map/search-price-bulk.go:116.19,118.4 1 0
bitmap-usage/handlers-map/search-price-bulk.go:118.9,120.4 1 0
bitmap-usage/handlers-map/search-price-bulk.go:127.49,128.34 1 0
bitmap-usage/handlers-map/search-price-bulk.go:128.34,132.17 3 0
bitmap-usage/handlers-map/search-price-bulk.go:135.3,135.19 1 0
bitmap-usage/handlers-map/search-price-bulk.go:132.17,134.4 1 0
bitmap-usage/handlers-map/search-price-bulk.go:135.19,137.4 1 0
bitmap-usage/handlers-map/search-price-bulk.go:137.9,139.4 1 0
bitmap-usage/handlers-map/search-price-ugorji.go:10.92,17.16 6 2
bitmap-usage/handlers-map/search-price-ugorji.go:22.2,24.16 2 2
bitmap-usage/handlers-map/search-price-ugorji.go:28.2,30.16 3 1
bitmap-usage/handlers-map/search-price-ugorji.go:17.16,20.3 2 0
bitmap-usage/handlers-map/search-price-ugorji.go:24.16,27.3 2 1
bitmap-usage/handlers-map/search-price-ugorji.go:30.16,34.3 3 0
bitmap-usage/handlers-map/search-price.go:10.86,16.16 4 2
bitmap-usage/handlers-map/search-price.go:21.2,23.16 2 2
bitmap-usage/handlers-map/search-price.go:27.2,29.16 3 1
bitmap-usage/handlers-map/search-price.go:16.16,19.3 2 0
bitmap-usage/handlers-map/search-price.go:23.16,26.3 2 1
bitmap-usage/handlers-map/search-price.go:29.16,33.3 3 0
bitmap-usage/handlers-map/search-price_helper.go:16.40,30.2 7 4
bitmap-usage/handlers-map/search-price_helper.go:32.93,46.2 8 2
bitmap-usage/handlers-map/search-price_helper.go:48.96,67.2 13 2
bitmap-usage/handlers-map/aggregate-map.go:18.54,21.2 2 4
bitmap-usage/handlers-map/search-price-bulk-gojay.go:16.38,16.62 1 0
bitmap-usage/handlers-map/search-price-bulk-gojay.go:20.61,21.9 1 0
bitmap-usage/handlers-map/search-price-bulk-gojay.go:22.20,23.9 1 0
bitmap-usage/handlers-map/search-price-bulk-gojay.go:24.16,25.16 1 0
bitmap-usage/handlers-map/search-price-bulk-gojay.go:29.92,34.16 4 0
bitmap-usage/handlers-map/search-price-bulk-gojay.go:38.2,45.42 6 0
bitmap-usage/handlers-map/search-price-bulk-gojay.go:61.2,61.33 1 0
bitmap-usage/handlers-map/search-price-bulk-gojay.go:71.2,71.14 1 0
bitmap-usage/handlers-map/search-price-bulk-gojay.go:34.16,37.3 2 0
bitmap-usage/handlers-map/search-price-bulk-gojay.go:45.42,47.21 2 0
bitmap-usage/handlers-map/search-price-bulk-gojay.go:47.21,50.18 2 0
bitmap-usage/handlers-map/search-price-bulk-gojay.go:53.4,53.20 1 0
bitmap-usage/handlers-map/search-price-bulk-gojay.go:58.4,58.14 1 0
bitmap-usage/handlers-map/search-price-bulk-gojay.go:50.18,52.5 1 0
bitmap-usage/handlers-map/search-price-bulk-gojay.go:53.20,55.5 1 0
bitmap-usage/handlers-map/search-price-bulk-gojay.go:55.10,57.5 1 0
bitmap-usage/handlers-map/search-price-bulk-gojay.go:61.33,62.38 1 0
bitmap-usage/handlers-map/search-price-bulk-gojay.go:69.3,69.9 1 0
bitmap-usage/handlers-map/search-price-bulk-gojay.go:62.38,65.4 2 0
bitmap-usage/handlers-map/search-price-bulk-gojay.go:65.9,67.4 1 0
bitmap-usage/handlers-sroar/aggregate-bitmap.go:20.62,23.2 2 2
bitmap-usage/handlers-sroar/search-price.go:10.89,16.16 4 2
bitmap-usage/handlers-sroar/search-price.go:21.2,23.16 2 2
bitmap-usage/handlers-sroar/search-price.go:27.2,28.16 2 1
bitmap-usage/handlers-sroar/search-price.go:33.2,34.18 2 1
bitmap-usage/handlers-sroar/search-price.go:39.2,41.16 3 1
bitmap-usage/handlers-sroar/search-price.go:16.16,19.3 2 0
bitmap-usage/handlers-sroar/search-price.go:23.16,26.3 2 1
bitmap-usage/handlers-sroar/search-price.go:28.16,32.3 3 0
bitmap-usage/handlers-sroar/search-price.go:34.18,38.3 3 0
bitmap-usage/handlers-sroar/search-price.go:41.16,45.3 3 0
bitmap-usage/handlers-sroar/search-price_helper.go:16.46,30.2 7 2
bitmap-usage/handlers-sroar/search-price_helper.go:32.89,51.2 13 1
bitmap-usage/handlers-sroar/search-price_helper.go:53.93,67.2 8 1
bitmap-usage/handlers-roaring64/search-price_helper.go:16.46,30.2 7 2
bitmap-usage/handlers-roaring64/search-price_helper.go:32.89,51.2 13 1
bitmap-usage/handlers-roaring64/search-price_helper.go:53.93,67.2 8 1
bitmap-usage/handlers-roaring64/aggregate-bitmap.go:20.66,23.2 2 2
bitmap-usage/handlers-roaring64/search-price.go:10.89,16.16 4 2
bitmap-usage/handlers-roaring64/search-price.go:21.2,23.16 2 2
bitmap-usage/handlers-roaring64/search-price.go:27.2,28.16 2 1
bitmap-usage/handlers-roaring64/search-price.go:33.2,34.18 2 1
bitmap-usage/handlers-roaring64/search-price.go:39.2,41.16 3 1
bitmap-usage/handlers-roaring64/search-price.go:16.16,19.3 2 0
bitmap-usage/handlers-roaring64/search-price.go:23.16,26.3 2 1
bitmap-usage/handlers-roaring64/search-price.go:28.16,32.3 3 0
bitmap-usage/handlers-roaring64/search-price.go:34.18,38.3 3 0
bitmap-usage/handlers-roaring64/search-price.go:41.16,45.3 3 0
bitmap-usage/handlers-roaring/search-price.go:10.89,16.16 4 2
bitmap-usage/handlers-roaring/search-price.go:21.2,23.16 2 2
bitmap-usage/handlers-roaring/search-price.go:27.2,28.16 2 1
bitmap-usage/handlers-roaring/search-price.go:33.2,34.18 2 1
bitmap-usage/handlers-roaring/search-price.go:39.2,41.16 3 1
bitmap-usage/handlers-roaring/search-price.go:16.16,19.3 2 0
bitmap-usage/handlers-roaring/search-price.go:23.16,26.3 2 1
bitmap-usage/handlers-roaring/search-price.go:28.16,32.3 3 0
bitmap-usage/handlers-roaring/search-price.go:34.18,38.3 3 0
bitmap-usage/handlers-roaring/search-price.go:41.16,45.3 3 0
bitmap-usage/handlers-roaring/search-price-bulk-gojay.go:16.38,16.62 1 0
bitmap-usage/handlers-roaring/search-price-bulk-gojay.go:20.61,21.9 1 0
bitmap-usage/handlers-roaring/search-price-bulk-gojay.go:22.20,23.9 1 0
bitmap-usage/handlers-roaring/search-price-bulk-gojay.go:24.16,25.16 1 0
bitmap-usage/handlers-roaring/search-price-bulk-gojay.go:29.95,35.16 4 0
bitmap-usage/handlers-roaring/search-price-bulk-gojay.go:40.2,47.42 6 0
bitmap-usage/handlers-roaring/search-price-bulk-gojay.go:70.2,70.33 1 0
bitmap-usage/handlers-roaring/search-price-bulk-gojay.go:80.2,80.14 1 0
bitmap-usage/handlers-roaring/search-price-bulk-gojay.go:35.16,38.3 2 0
bitmap-usage/handlers-roaring/search-price-bulk-gojay.go:47.42,49.21 2 0
bitmap-usage/handlers-roaring/search-price-bulk-gojay.go:49.21,52.18 2 0
bitmap-usage/handlers-roaring/search-price-bulk-gojay.go:67.4,67.14 1 0
bitmap-usage/handlers-roaring/search-price-bulk-gojay.go:52.18,54.5 1 0
bitmap-usage/handlers-roaring/search-price-bulk-gojay.go:54.10,56.19 2 0
bitmap-usage/handlers-roaring/search-price-bulk-gojay.go:56.19,58.6 1 0
bitmap-usage/handlers-roaring/search-price-bulk-gojay.go:58.11,60.22 2 0
bitmap-usage/handlers-roaring/search-price-bulk-gojay.go:60.22,62.7 1 0
bitmap-usage/handlers-roaring/search-price-bulk-gojay.go:62.12,64.7 1 0
bitmap-usage/handlers-roaring/search-price-bulk-gojay.go:70.33,71.38 1 0
bitmap-usage/handlers-roaring/search-price-bulk-gojay.go:78.3,78.9 1 0
bitmap-usage/handlers-roaring/search-price-bulk-gojay.go:71.38,74.4 2 0
bitmap-usage/handlers-roaring/search-price-bulk-gojay.go:74.9,76.4 1 0
bitmap-usage/handlers-roaring/search-price-bulk-v2.go:11.95,17.16 4 0
bitmap-usage/handlers-roaring/search-price-bulk-v2.go:21.2,27.42 5 0
bitmap-usage/handlers-roaring/search-price-bulk-v2.go:52.2,52.33 1 0
bitmap-usage/handlers-roaring/search-price-bulk-v2.go:56.2,57.16 2 0
bitmap-usage/handlers-roaring/search-price-bulk-v2.go:17.16,20.3 2 0
bitmap-usage/handlers-roaring/search-price-bulk-v2.go:27.42,29.21 2 0
bitmap-usage/handlers-roaring/search-price-bulk-v2.go:29.21,33.18 2 0
bitmap-usage/handlers-roaring/search-price-bulk-v2.go:48.4,48.14 1 0
bitmap-usage/handlers-roaring/search-price-bulk-v2.go:33.18,35.5 1 0
bitmap-usage/handlers-roaring/search-price-bulk-v2.go:35.10,37.19 2 0
bitmap-usage/handlers-roaring/search-price-bulk-v2.go:37.19,39.6 1 0
bitmap-usage/handlers-roaring/search-price-bulk-v2.go:39.11,41.22 2 0
bitmap-usage/handlers-roaring/search-price-bulk-v2.go:41.22,43.7 1 0
bitmap-usage/handlers-roaring/search-price-bulk-v2.go:43.12,45.7 1 0
bitmap-usage/handlers-roaring/search-price-bulk-v2.go:52.33,55.3 2 0
bitmap-usage/handlers-roaring/search-price-bulk-v2.go:57.16,61.3 3 0
bitmap-usage/handlers-roaring/search-price-bulk-v4.go:19.95,22.20 3 0
bitmap-usage/handlers-roaring/search-price-bulk-v4.go:32.2,37.16 4 0
bitmap-usage/handlers-roaring/search-price-bulk-v4.go:41.2,50.42 5 0
bitmap-usage/handlers-roaring/search-price-bulk-v4.go:76.2,76.33 1 0
bitmap-usage/handlers-roaring/search-price-bulk-v4.go:81.2,82.16 2 0
bitmap-usage/handlers-roaring/search-price-bulk-v4.go:22.20,24.17 2 0
bitmap-usage/handlers-roaring/search-price-bulk-v4.go:24.17,27.4 2 0
bitmap-usage/handlers-roaring/search-price-bulk-v4.go:27.9,29.4 1 0
bitmap-usage/handlers-roaring/search-price-bulk-v4.go:37.16,40.3 2 0
bitmap-usage/handlers-roaring/search-price-bulk-v4.go:50.42,52.21 2 0
bitmap-usage/handlers-roaring/search-price-bulk-v4.go:52.21,55.18 2 0
bitmap-usage/handlers-roaring/search-price-bulk-v4.go:59.4,60.18 2 0
bitmap-usage/handlers-roaring/search-price-bulk-v4.go:64.4,65.20 2 0
bitmap-usage/handlers-roaring/search-price-bulk-v4.go:72.4,72.14 1 0
bitmap-usage/handlers-roaring/search-price-bulk-v4.go:55.18,58.5 2 0
bitmap-usage/handlers-roaring/search-price-bulk-v4.go:60.18,63.5 2 0
bitmap-usage/handlers-roaring/search-price-bulk-v4.go:65.20,67.5 1 0
bitmap-usage/handlers-roaring/search-price-bulk-v4.go:67.10,70.5 2 0
bitmap-usage/handlers-roaring/search-price-bulk-v4.go:76.33,80.3 1 0
bitmap-usage/handlers-roaring/search-price-bulk-v4.go:82.16,86.3 3 0
bitmap-usage/handlers-roaring/search-price-bulk.go:15.93,21.16 4 0
bitmap-usage/handlers-roaring/search-price-bulk.go:26.2,29.57 3 0
bitmap-usage/handlers-roaring/search-price-bulk.go:21.16,24.3 2 0
bitmap-usage/handlers-roaring/search-price-bulk.go:29.57,32.13 2 0
bitmap-usage/handlers-roaring/search-price-bulk.go:39.3,41.47 3 0
bitmap-usage/handlers-roaring/search-price-bulk.go:54.3,54.24 1 0
bitmap-usage/handlers-roaring/search-price-bulk.go:32.13,33.44 1 0
bitmap-usage/handlers-roaring/search-price-bulk.go:33.44,36.5 2 0
bitmap-usage/handlers-roaring/search-price-bulk.go:41.47,45.18 3 0
bitmap-usage/handlers-roaring/search-price-bulk.go:50.4,50.15 1 0
bitmap-usage/handlers-roaring/search-price-bulk.go:45.18,48.5 2 0
bitmap-usage/handlers-roaring/search-price-bulk.go:50.15,52.5 1 0
bitmap-usage/handlers-roaring/search-price-bulk.go:55.8,58.54 2 0
bitmap-usage/handlers-roaring/search-price-bulk.go:93.3,93.24 1 0
bitmap-usage/handlers-roaring/search-price-bulk.go:58.54,62.18 3 0
bitmap-usage/handlers-roaring/search-price-bulk.go:83.4,84.18 2 0
bitmap-usage/handlers-roaring/search-price-bulk.go:89.4,89.37 1 0
bitmap-usage/handlers-roaring/search-price-bulk.go:62.18,63.49 1 0
bitmap-usage/handlers-roaring/search-price-bulk.go:63.49,65.6 1 0
bitmap-usage/handlers-roaring/search-price-bulk.go:65.11,68.6 2 0
bitmap-usage/handlers-roaring/search-price-bulk.go:69.10,71.19 2 0
bitmap-usage/handlers-roaring/search-price-bulk.go:76.5,77.21 2 0
bitmap-usage/handlers-roaring/search-price-bulk.go:71.19,75.6 3 0
bitmap-usage/handlers-roaring/search-price-bulk.go:77.21,81.6 3 0
bitmap-usage/handlers-roaring/search-price-bulk.go:84.18,87.5 2 0
bitmap-usage/handlers-roaring/search-price-bulk.go:89.37,91.5 1 0
bitmap-usage/handlers-roaring/search-price-bulk.go:102.40,103.6 1 0
bitmap-usage/handlers-roaring/search-price-bulk.go:103.6,108.17 3 0
bitmap-usage/handlers-roaring/search-price-bulk.go:123.3,123.12 1 0
bitmap-usage/handlers-roaring/search-price-bulk.go:108.17,110.4 1 0
bitmap-usage/handlers-roaring/search-price-bulk.go:110.9,112.18 2 0
bitmap-usage/handlers-roaring/search-price-bulk.go:112.18,114.5 1 0
bitmap-usage/handlers-roaring/search-price-bulk.go:114.10,116.21 2 0
bitmap-usage/handlers-roaring/search-price-bulk.go:116.21,118.6 1 0
bitmap-usage/handlers-roaring/search-price-bulk.go:118.11,120.6 1 0
bitmap-usage/handlers-roaring/search-price-bulk.go:130.52,131.34 1 0
bitmap-usage/handlers-roaring/search-price-bulk.go:131.34,135.17 3 0
bitmap-usage/handlers-roaring/search-price-bulk.go:135.17,137.4 1 0
bitmap-usage/handlers-roaring/search-price-bulk.go:137.9,139.18 2 0
bitmap-usage/handlers-roaring/search-price-bulk.go:139.18,141.5 1 0
bitmap-usage/handlers-roaring/search-price-bulk.go:141.10,143.21 2 0
bitmap-usage/handlers-roaring/search-price-bulk.go:143.21,145.6 1 0
bitmap-usage/handlers-roaring/search-price-bulk.go:145.11,147.6 1 0
bitmap-usage/handlers-roaring/search-price-ffjson.go:11.96,15.16 4 2
bitmap-usage/handlers-roaring/search-price-ffjson.go:20.2,22.16 2 2
bitmap-usage/handlers-roaring/search-price-ffjson.go:26.2,27.16 2 1
bitmap-usage/handlers-roaring/search-price-ffjson.go:32.2,33.18 2 1
bitmap-usage/handlers-roaring/search-price-ffjson.go:39.2,41.16 2 1
bitmap-usage/handlers-roaring/search-price-ffjson.go:46.2,47.19 2 0
bitmap-usage/handlers-roaring/search-price-ffjson.go:15.16,18.3 2 0
bitmap-usage/handlers-roaring/search-price-ffjson.go:22.16,25.3 2 1
bitmap-usage/handlers-roaring/search-price-ffjson.go:27.16,31.3 3 0
bitmap-usage/handlers-roaring/search-price-ffjson.go:33.18,37.3 3 0
bitmap-usage/handlers-roaring/search-price-ffjson.go:41.16,45.3 3 1
bitmap-usage/handlers-roaring/search-price-jsoniter.go:11.97,20.16 5 2
bitmap-usage/handlers-roaring/search-price-jsoniter.go:25.2,27.16 2 2
bitmap-usage/handlers-roaring/search-price-jsoniter.go:31.2,32.16 2 1
bitmap-usage/handlers-roaring/search-price-jsoniter.go:37.2,38.18 2 1
bitmap-usage/handlers-roaring/search-price-jsoniter.go:43.2,44.16 2 1
bitmap-usage/handlers-roaring/search-price-jsoniter.go:49.2,49.19 1 1
bitmap-usage/handlers-roaring/search-price-jsoniter.go:20.16,23.3 2 0
bitmap-usage/handlers-roaring/search-price-jsoniter.go:27.16,30.3 2 1
bitmap-usage/handlers-roaring/search-price-jsoniter.go:32.16,36.3 3 0
bitmap-usage/handlers-roaring/search-price-jsoniter.go:38.18,42.3 3 0
bitmap-usage/handlers-roaring/search-price-jsoniter.go:44.16,48.3 3 0
bitmap-usage/handlers-roaring/search-price-ugorji.go:10.96,15.16 4 2
bitmap-usage/handlers-roaring/search-price-ugorji.go:20.2,22.16 2 2
bitmap-usage/handlers-roaring/search-price-ugorji.go:26.2,27.16 2 1
bitmap-usage/handlers-roaring/search-price-ugorji.go:32.2,33.18 2 1
bitmap-usage/handlers-roaring/search-price-ugorji.go:38.2,41.16 3 1
bitmap-usage/handlers-roaring/search-price-ugorji.go:15.16,18.3 2 0
bitmap-usage/handlers-roaring/search-price-ugorji.go:22.16,25.3 2 1
bitmap-usage/handlers-roaring/search-price-ugorji.go:27.16,31.3 3 0
bitmap-usage/handlers-roaring/search-price-ugorji.go:33.18,37.3 3 0
bitmap-usage/handlers-roaring/search-price-ugorji.go:41.16,45.3 3 0
bitmap-usage/handlers-roaring/aggregate-bitmap.go:20.64,23.2 2 8
bitmap-usage/handlers-roaring/search-price_helper.go:16.46,30.2 7 8
bitmap-usage/handlers-roaring/search-price_helper.go:32.89,51.2 13 4
bitmap-usage/handlers-roaring/search-price_helper.go:53.93,67.2 8 4
bitmap-usage/index-map64/search.go:16.63,23.73 6 32
bitmap-usage/index-map64/search.go:37.2,37.42 1 32
bitmap-usage/index-map64/search.go:82.2,82.15 1 22
bitmap-usage/index-map64/search.go:85.2,85.37 1 8
bitmap-usage/index-map64/search.go:88.2,88.106 1 4
bitmap-usage/index-map64/search.go:23.73,25.15 2 16
bitmap-usage/index-map64/search.go:25.15,26.33 1 15
bitmap-usage/index-map64/search.go:26.34,28.5 0 5
bitmap-usage/index-map64/search.go:28.10,30.48 2 10
bitmap-usage/index-map64/search.go:30.48,32.6 1 3
bitmap-usage/index-map64/search.go:37.42,39.77 2 49
bitmap-usage/index-map64/search.go:39.77,41.28 2 30
bitmap-usage/index-map64/search.go:66.4,66.28 1 30
bitmap-usage/index-map64/search.go:41.28,43.5 1 10
bitmap-usage/index-map64/search.go:43.10,44.37 1 20
bitmap-usage/index-map64/search.go:44.37,46.31 2 26
bitmap-usage/index-map64/search.go:58.6,58.15 1 26
bitmap-usage/index-map64/search.go:46.31,48.7 1 11
bitmap-usage/index-map64/search.go:48.12,49.34 1 15
bitmap-usage/index-map64/search.go:49.34,50.27 1 18
bitmap-usage/index-map64/search.go:50.27,51.38 1 13
bitmap-usage/index-map64/search.go:54.9,54.14 1 13
bitmap-usage/index-map64/search.go:51.38,53.10 1 11
bitmap-usage/index-map64/search.go:58.15,60.7 1 18
bitmap-usage/index-map64/search.go:60.12,62.12 2 8
bitmap-usage/index-map64/search.go:66.28,68.30 2 22
bitmap-usage/index-map64/search.go:71.5,71.18 1 18
bitmap-usage/index-map64/search.go:76.5,76.20 1 18
bitmap-usage/index-map64/search.go:68.30,70.6 1 4
bitmap-usage/index-map64/search.go:71.18,73.6 1 14
bitmap-usage/index-map64/search.go:73.11,75.6 1 4
bitmap-usage/index-map64/search.go:76.20,78.6 1 6
bitmap-usage/index-map64/search.go:82.15,84.3 1 14
bitmap-usage/index-map64/search.go:85.37,87.3 1 4
bitmap-usage/index-map64/indexer.go:8.65,10.44 2 34
bitmap-usage/index-map64/indexer.go:17.2,17.32 1 34
bitmap-usage/index-map64/indexer.go:10.44,11.55 1 62
bitmap-usage/index-map64/indexer.go:11.55,13.4 1 35
bitmap-usage/index-map64/indexer.go:13.9,15.4 1 27
bitmap-usage/index-map64/model.go:14.52,16.2 1 32
bitmap-usage/index-map64/optimization.go:51.79,54.44 2 23
bitmap-usage/index-map64/optimization.go:61.2,64.48 4 23
bitmap-usage/index-map64/optimization.go:107.2,109.16 2 23
bitmap-usage/index-map64/optimization.go:113.2,113.15 1 0
bitmap-usage/index-map64/optimization.go:54.44,55.55 1 48
bitmap-usage/index-map64/optimization.go:55.55,57.4 1 25
bitmap-usage/index-map64/optimization.go:57.9,59.4 1 23
bitmap-usage/index-map64/optimization.go:64.48,69.26 3 25
bitmap-usage/index-map64/optimization.go:78.3,81.26 3 25
bitmap-usage/index-map64/optimization.go:104.3,105.37 2 25
bitmap-usage/index-map64/optimization.go:69.26,70.34 1 48
bitmap-usage/index-map64/optimization.go:70.34,71.29 1 70
bitmap-usage/index-map64/optimization.go:71.29,74.6 2 42
bitmap-usage/index-map64/optimization.go:81.26,82.34 1 48
bitmap-usage/index-map64/optimization.go:102.4,102.21 1 48
bitmap-usage/index-map64/optimization.go:82.34,83.34 1 37
bitmap-usage/index-map64/optimization.go:83.34,88.6 3 52
bitmap-usage/index-map64/optimization.go:89.10,94.42 4 11
bitmap-usage/index-map64/optimization.go:99.5,100.32 2 11
bitmap-usage/index-map64/optimization.go:94.42,98.6 3 18
bitmap-usage/index-map64/optimization.go:109.16,111.3 1 23
bitmap-usage/model/search-price-model.go:45.71,48.2 2 0
bitmap-usage/model/search-price-model.go:55.46,57.2 1 0
bitmap-usage/model/search-price-model.go:63.55,68.2 4 0
bitmap-usage/model/search-price-model.go:69.30,71.2 1 0
bitmap-usage/model64/search-price-model.go:45.71,48.2 2 0
bitmap-usage/model64/search-price-model.go:55.46,57.2 1 0
bitmap-usage/model64/search-price-model.go:63.55,68.2 4 0
bitmap-usage/model64/search-price-model.go:69.30,71.2 1 0
bitmap-usage/validator/validator.go:11.45,14.44 2 8
bitmap-usage/validator/validator.go:22.2,22.41 1 8
bitmap-usage/validator/validator.go:51.2,51.12 1 6
bitmap-usage/validator/validator.go:14.44,15.55 1 15
bitmap-usage/validator/validator.go:15.55,17.4 1 9
bitmap-usage/validator/validator.go:17.9,19.4 1 6
bitmap-usage/validator/validator.go:22.41,24.26 2 9
bitmap-usage/validator/validator.go:24.26,32.34 6 15
bitmap-usage/validator/validator.go:35.4,35.47 1 15
bitmap-usage/validator/validator.go:38.4,38.28 1 15
bitmap-usage/validator/validator.go:42.4,43.39 2 15
bitmap-usage/validator/validator.go:32.34,34.5 1 30
bitmap-usage/validator/validator.go:35.47,37.5 1 15
bitmap-usage/validator/validator.go:38.28,41.5 2 30
bitmap-usage/validator/validator.go:43.39,45.5 1 2
bitmap-usage/validator/validator.go:45.10,47.5 1 13
bitmap-usage/validator/validator.go:64.47,66.2 1 0
bitmap-usage/validator64/validator.go:11.47,14.44 2 8
bitmap-usage/validator64/validator.go:22.2,22.41 1 8
bitmap-usage/validator64/validator.go:51.2,51.12 1 6
bitmap-usage/validator64/validator.go:14.44,15.55 1 15
bitmap-usage/validator64/validator.go:15.55,17.4 1 9
bitmap-usage/validator64/validator.go:17.9,19.4 1 6
bitmap-usage/validator64/validator.go:22.41,24.26 2 9
bitmap-usage/validator64/validator.go:24.26,32.34 6 15
bitmap-usage/validator64/validator.go:35.4,35.47 1 15
bitmap-usage/validator64/validator.go:38.4,38.28 1 15
bitmap-usage/validator64/validator.go:42.4,43.39 2 15
bitmap-usage/validator64/validator.go:32.34,34.5 1 30
bitmap-usage/validator64/validator.go:35.47,37.5 1 15
bitmap-usage/validator64/validator.go:38.28,41.5 2 30
bitmap-usage/validator64/validator.go:43.39,45.5 1 2
bitmap-usage/validator64/validator.go:45.10,47.5 1 13
bitmap-usage/validator64/validator.go:64.47,66.2 1 0
bitmap-usage/index-roaring/indexer.go:9.80,10.46 1 18
bitmap-usage/index-roaring/indexer.go:14.2,21.44 7 18
bitmap-usage/index-roaring/indexer.go:24.2,37.12 3 18
bitmap-usage/index-roaring/indexer.go:10.46,12.3 1 974428
bitmap-usage/index-roaring/indexer.go:21.44,23.3 1 974428
bitmap-usage/index-roaring/indexer.go:40.93,45.27 3 18
bitmap-usage/index-roaring/indexer.go:53.2,54.36 2 18
bitmap-usage/index-roaring/indexer.go:58.2,58.27 1 18
bitmap-usage/index-roaring/indexer.go:63.2,63.23 1 18
bitmap-usage/index-roaring/indexer.go:45.27,46.40 1 974428
bitmap-usage/index-roaring/indexer.go:46.40,49.4 2 116
bitmap-usage/index-roaring/indexer.go:54.36,56.3 1 116
bitmap-usage/index-roaring/indexer.go:58.27,62.3 3 974428
bitmap-usage/index-roaring/indexer.go:66.132,74.27 7 18
bitmap-usage/index-roaring/indexer.go:100.2,100.82 1 18
bitmap-usage/index-roaring/indexer.go:74.27,75.30 1 974428
bitmap-usage/index-roaring/indexer.go:75.30,77.46 1 4872034
bitmap-usage/index-roaring/indexer.go:87.4,88.39 2 4872034
bitmap-usage/index-roaring/indexer.go:77.46,79.5 1 4872004
bitmap-usage/index-roaring/indexer.go:79.10,85.5 5 30
bitmap-usage/index-roaring/indexer.go:88.39,90.5 1 4871914
bitmap-usage/index-roaring/indexer.go:90.10,96.5 5 120
bitmap-usage/index-roaring/indexer.go:103.93,108.27 3 18
bitmap-usage/index-roaring/indexer.go:116.2,117.36 2 18
bitmap-usage/index-roaring/indexer.go:121.2,121.27 1 18
bitmap-usage/index-roaring/indexer.go:126.2,126.23 1 18
bitmap-usage/index-roaring/indexer.go:108.27,109.37 1 974428
bitmap-usage/index-roaring/indexer.go:109.37,112.4 2 26
bitmap-usage/index-roaring/indexer.go:117.36,119.3 1 26
bitmap-usage/index-roaring/indexer.go:121.27,125.3 3 974428
bitmap-usage/index-roaring/indexer.go:129.91,134.27 3 18
bitmap-usage/index-roaring/indexer.go:142.2,143.36 2 18
bitmap-usage/index-roaring/indexer.go:146.2,146.27 1 18
bitmap-usage/index-roaring/indexer.go:151.2,151.23 1 18
bitmap-usage/index-roaring/indexer.go:134.27,135.34 1 974428
bitmap-usage/index-roaring/indexer.go:135.34,138.4 2 18
bitmap-usage/index-roaring/indexer.go:143.36,145.3 1 18
bitmap-usage/index-roaring/indexer.go:146.27,150.3 3 974428
bitmap-usage/index-roaring/indexer.go:154.72,156.27 2 18
bitmap-usage/index-roaring/indexer.go:161.2,161.15 1 18
bitmap-usage/index-roaring/indexer.go:156.27,157.18 1 974428
bitmap-usage/index-roaring/indexer.go:157.18,159.4 1 5
bitmap-usage/index-roaring/model.go:13.55,15.2 1 18
bitmap-usage/index-roaring/search.go:19.48,23.52 3 18
bitmap-usage/index-roaring/search.go:30.2,31.25 2 17
bitmap-usage/index-roaring/search.go:66.2,67.44 2 13
bitmap-usage/index-roaring/search.go:74.2,74.19 1 12
bitmap-usage/index-roaring/search.go:82.2,83.44 2 12
bitmap-usage/index-roaring/search.go:90.2,92.22 2 11
bitmap-usage/index-roaring/search.go:95.2,97.22 3 11
bitmap-usage/index-roaring/search.go:108.2,111.22 3 4
bitmap-usage/index-roaring/search.go:125.2,125.32 1 0
bitmap-usage/index-roaring/search.go:23.52,25.3 1 17
bitmap-usage/index-roaring/search.go:25.8,28.3 2 1
bitmap-usage/index-roaring/search.go:31.25,33.46 2 13
bitmap-usage/index-roaring/search.go:40.3,40.52 1 12
bitmap-usage/index-roaring/search.go:47.3,47.40 1 11
bitmap-usage/index-roaring/search.go:33.46,36.4 2 12
bitmap-usage/index-roaring/search.go:36.9,39.4 2 1
bitmap-usage/index-roaring/search.go:40.52,43.4 2 11
bitmap-usage/index-roaring/search.go:43.9,46.4 2 1
bitmap-usage/index-roaring/search.go:47.40,49.47 2 11
bitmap-usage/index-roaring/search.go:56.4,56.53 1 10
bitmap-usage/index-roaring/search.go:49.47,52.5 2 10
bitmap-usage/index-roaring/search.go:52.10,55.5 2 1
bitmap-usage/index-roaring/search.go:56.53,59.5 2 9
bitmap-usage/index-roaring/search.go:59.10,62.5 2 1
bitmap-usage/index-roaring/search.go:67.44,69.3 1 12
bitmap-usage/index-roaring/search.go:69.8,72.3 2 1
bitmap-usage/index-roaring/search.go:74.19,77.3 1 4
bitmap-usage/index-roaring/search.go:77.8,80.3 1 8
bitmap-usage/index-roaring/search.go:83.44,85.3 1 11
bitmap-usage/index-roaring/search.go:85.8,88.3 2 1
bitmap-usage/index-roaring/search.go:92.22,94.3 1 0
bitmap-usage/index-roaring/search.go:97.22,99.25 2 7
bitmap-usage/index-roaring/search.go:99.25,102.4 2 7
bitmap-usage/index-roaring/search.go:103.8,103.28 1 4
bitmap-usage/index-roaring/search.go:103.28,105.3 1 4
bitmap-usage/index-roaring/search.go:105.8,107.3 1 0
bitmap-usage/index-roaring/search.go:111.22,115.25 2 2
bitmap-usage/index-roaring/search.go:115.25,118.4 2 2
bitmap-usage/index-roaring/search.go:119.8,119.29 1 2
bitmap-usage/index-roaring/search.go:119.29,120.28 1 2
bitmap-usage/index-roaring/search.go:123.3,123.33 1 0
bitmap-usage/index-roaring/search.go:120.28,122.4 1 2
bitmap-usage/index-roaring/search.go:128.77,130.2 1 8
bitmap-usage/index-roaring64/indexer.go:9.82,10.46 1 18
bitmap-usage/index-roaring64/indexer.go:14.2,21.44 7 18
bitmap-usage/index-roaring64/indexer.go:24.2,37.12 3 18
bitmap-usage/index-roaring64/indexer.go:10.46,12.3 1 974428
bitmap-usage/index-roaring64/indexer.go:21.44,23.3 1 974428
bitmap-usage/index-roaring64/indexer.go:40.97,45.27 3 18
bitmap-usage/index-roaring64/indexer.go:53.2,54.36 2 18
bitmap-usage/index-roaring64/indexer.go:58.2,58.27 1 18
bitmap-usage/index-roaring64/indexer.go:63.2,63.23 1 18
bitmap-usage/index-roaring64/indexer.go:45.27,46.40 1 974428
bitmap-usage/index-roaring64/indexer.go:46.40,49.4 2 116
bitmap-usage/index-roaring64/indexer.go:54.36,56.3 1 116
bitmap-usage/index-roaring64/indexer.go:58.27,62.3 3 974428
bitmap-usage/index-roaring64/indexer.go:66.138,74.27 7 18
bitmap-usage/index-roaring64/indexer.go:100.2,100.82 1 18
bitmap-usage/index-roaring64/indexer.go:74.27,75.30 1 974428
bitmap-usage/index-roaring64/indexer.go:75.30,77.46 1 4872034
bitmap-usage/index-roaring64/indexer.go:87.4,88.39 2 4872034
bitmap-usage/index-roaring64/indexer.go:77.46,79.5 1 4872004
bitmap-usage/index-roaring64/indexer.go:79.10,85.5 5 30
bitmap-usage/index-roaring64/indexer.go:88.39,90.5 1 4871914
bitmap-usage/index-roaring64/indexer.go:90.10,96.5 5 120
bitmap-usage/index-roaring64/indexer.go:103.97,108.27 3 18
bitmap-usage/index-roaring64/indexer.go:116.2,117.36 2 18
bitmap-usage/index-roaring64/indexer.go:121.2,121.27 1 18
bitmap-usage/index-roaring64/indexer.go:126.2,126.23 1 18
bitmap-usage/index-roaring64/indexer.go:108.27,109.37 1 974428
bitmap-usage/index-roaring64/indexer.go:109.37,112.4 2 26
bitmap-usage/index-roaring64/indexer.go:117.36,119.3 1 26
bitmap-usage/index-roaring64/indexer.go:121.27,125.3 3 974428
bitmap-usage/index-roaring64/indexer.go:129.95,134.27 3 18
bitmap-usage/index-roaring64/indexer.go:142.2,143.36 2 18
bitmap-usage/index-roaring64/indexer.go:146.2,146.27 1 18
bitmap-usage/index-roaring64/indexer.go:151.2,151.23 1 18
bitmap-usage/index-roaring64/indexer.go:134.27,135.34 1 974428
bitmap-usage/index-roaring64/indexer.go:135.34,138.4 2 18
bitmap-usage/index-roaring64/indexer.go:143.36,145.3 1 18
bitmap-usage/index-roaring64/indexer.go:146.27,150.3 3 974428
bitmap-usage/index-roaring64/indexer.go:154.76,156.27 2 18
bitmap-usage/index-roaring64/indexer.go:161.2,161.15 1 18
bitmap-usage/index-roaring64/indexer.go:156.27,157.18 1 974428
bitmap-usage/index-roaring64/indexer.go:157.18,159.4 1 5
bitmap-usage/index-roaring64/model.go:13.55,15.2 1 18
bitmap-usage/index-roaring64/search.go:19.50,23.52 3 18
bitmap-usage/index-roaring64/search.go:30.2,31.25 2 17
bitmap-usage/index-roaring64/search.go:66.2,67.44 2 13
bitmap-usage/index-roaring64/search.go:74.2,74.19 1 12
bitmap-usage/index-roaring64/search.go:82.2,83.44 2 12
bitmap-usage/index-roaring64/search.go:90.2,92.22 2 11
bitmap-usage/index-roaring64/search.go:95.2,97.22 3 11
bitmap-usage/index-roaring64/search.go:108.2,111.22 3 4
bitmap-usage/index-roaring64/search.go:125.2,125.32 1 0
bitmap-usage/index-roaring64/search.go:23.52,25.3 1 17
bitmap-usage/index-roaring64/search.go:25.8,28.3 2 1
bitmap-usage/index-roaring64/search.go:31.25,33.46 2 13
bitmap-usage/index-roaring64/search.go:40.3,40.52 1 12
bitmap-usage/index-roaring64/search.go:47.3,47.40 1 11
bitmap-usage/index-roaring64/search.go:33.46,36.4 2 12
bitmap-usage/index-roaring64/search.go:36.9,39.4 2 1
bitmap-usage/index-roaring64/search.go:40.52,43.4 2 11
bitmap-usage/index-roaring64/search.go:43.9,46.4 2 1
bitmap-usage/index-roaring64/search.go:47.40,49.47 2 11
bitmap-usage/index-roaring64/search.go:56.4,56.53 1 10
bitmap-usage/index-roaring64/search.go:49.47,52.5 2 10
bitmap-usage/index-roaring64/search.go:52.10,55.5 2 1
bitmap-usage/index-roaring64/search.go:56.53,59.5 2 9
bitmap-usage/index-roaring64/search.go:59.10,62.5 2 1
bitmap-usage/index-roaring64/search.go:67.44,69.3 1 12
bitmap-usage/index-roaring64/search.go:69.8,72.3 2 1
bitmap-usage/index-roaring64/search.go:74.19,77.3 1 4
bitmap-usage/index-roaring64/search.go:77.8,80.3 1 8
bitmap-usage/index-roaring64/search.go:83.44,85.3 1 11
bitmap-usage/index-roaring64/search.go:85.8,88.3 2 1
bitmap-usage/index-roaring64/search.go:92.22,94.3 1 0
bitmap-usage/index-roaring64/search.go:97.22,99.25 2 7
bitmap-usage/index-roaring64/search.go:99.25,102.4 2 7
bitmap-usage/index-roaring64/search.go:103.8,103.28 1 4
bitmap-usage/index-roaring64/search.go:103.28,105.3 1 4
bitmap-usage/index-roaring64/search.go:105.8,107.3 1 0
bitmap-usage/index-roaring64/search.go:111.22,115.25 2 2
bitmap-usage/index-roaring64/search.go:115.25,118.4 2 2
bitmap-usage/index-roaring64/search.go:119.8,119.29 1 2
bitmap-usage/index-roaring64/search.go:119.29,120.28 1 2
bitmap-usage/index-roaring64/search.go:123.3,123.33 1 0
bitmap-usage/index-roaring64/search.go:120.28,122.4 1 2
bitmap-usage/index-roaring64/search.go:128.77,130.2 1 8
bitmap-usage/index-sroar/search.go:19.50,23.52 3 18
bitmap-usage/index-sroar/search.go:30.2,31.25 2 17
bitmap-usage/index-sroar/search.go:67.2,68.44 2 13
bitmap-usage/index-sroar/search.go:75.2,75.19 1 12
bitmap-usage/index-sroar/search.go:83.2,84.44 2 12
bitmap-usage/index-sroar/search.go:91.2,93.22 2 11
bitmap-usage/index-sroar/search.go:96.2,98.22 3 11
bitmap-usage/index-sroar/search.go:109.2,112.22 3 4
bitmap-usage/index-sroar/search.go:126.2,126.32 1 0
bitmap-usage/index-sroar/search.go:23.52,25.3 1 17
bitmap-usage/index-sroar/search.go:25.8,28.3 2 1
bitmap-usage/index-sroar/search.go:31.25,33.46 2 13
bitmap-usage/index-sroar/search.go:41.3,41.52 1 12
bitmap-usage/index-sroar/search.go:48.3,48.40 1 11
bitmap-usage/index-sroar/search.go:33.46,37.4 3 12
bitmap-usage/index-sroar/search.go:37.9,40.4 2 1
bitmap-usage/index-sroar/search.go:41.52,44.4 2 11
bitmap-usage/index-sroar/search.go:44.9,47.4 2 1
bitmap-usage/index-sroar/search.go:48.40,50.47 2 11
bitmap-usage/index-sroar/search.go:57.4,57.53 1 10
bitmap-usage/index-sroar/search.go:50.47,53.5 2 10
bitmap-usage/index-sroar/search.go:53.10,56.5 2 1
bitmap-usage/index-sroar/search.go:57.53,60.5 2 9
bitmap-usage/index-sroar/search.go:60.10,63.5 2 1
bitmap-usage/index-sroar/search.go:68.44,70.3 1 12
bitmap-usage/index-sroar/search.go:70.8,73.3 2 1
bitmap-usage/index-sroar/search.go:75.19,78.3 1 4
bitmap-usage/index-sroar/search.go:78.8,81.3 1 8
bitmap-usage/index-sroar/search.go:84.44,86.3 1 11
bitmap-usage/index-sroar/search.go:86.8,89.3 2 1
bitmap-usage/index-sroar/search.go:93.22,95.3 1 0
bitmap-usage/index-sroar/search.go:98.22,100.25 2 7
bitmap-usage/index-sroar/search.go:100.25,103.4 2 7
bitmap-usage/index-sroar/search.go:104.8,104.28 1 4
bitmap-usage/index-sroar/search.go:104.28,106.3 1 4
bitmap-usage/index-sroar/search.go:106.8,108.3 1 0
bitmap-usage/index-sroar/search.go:112.22,116.25 2 2
bitmap-usage/index-sroar/search.go:116.25,119.4 2 2
bitmap-usage/index-sroar/search.go:120.8,120.29 1 2
bitmap-usage/index-sroar/search.go:120.29,121.28 1 2
bitmap-usage/index-sroar/search.go:124.3,124.33 1 0
bitmap-usage/index-sroar/search.go:121.28,123.4 1 2
bitmap-usage/index-sroar/search.go:129.77,131.2 1 8
bitmap-usage/index-sroar/indexer.go:9.82,10.46 1 18
bitmap-usage/index-sroar/indexer.go:14.2,21.44 7 18
bitmap-usage/index-sroar/indexer.go:24.2,37.12 3 18
bitmap-usage/index-sroar/indexer.go:10.46,12.3 1 974428
bitmap-usage/index-sroar/indexer.go:21.44,23.3 1 974428
bitmap-usage/index-sroar/indexer.go:40.93,45.27 3 18
bitmap-usage/index-sroar/indexer.go:53.2,54.36 2 18
bitmap-usage/index-sroar/indexer.go:58.2,58.27 1 18
bitmap-usage/index-sroar/indexer.go:63.2,63.23 1 18
bitmap-usage/index-sroar/indexer.go:45.27,46.40 1 974428
bitmap-usage/index-sroar/indexer.go:46.40,49.4 2 116
bitmap-usage/index-sroar/indexer.go:54.36,56.3 1 116
bitmap-usage/index-sroar/indexer.go:58.27,62.3 3 974428
bitmap-usage/index-sroar/indexer.go:66.130,74.27 7 18
bitmap-usage/index-sroar/indexer.go:100.2,100.82 1 18
bitmap-usage/index-sroar/indexer.go:74.27,75.30 1 974428
bitmap-usage/index-sroar/indexer.go:75.30,77.46 1 4872034
bitmap-usage/index-sroar/indexer.go:87.4,88.39 2 4872034
bitmap-usage/index-sroar/indexer.go:77.46,79.5 1 4872004
bitmap-usage/index-sroar/indexer.go:79.10,85.5 5 30
bitmap-usage/index-sroar/indexer.go:88.39,90.5 1 4871914
bitmap-usage/index-sroar/indexer.go:90.10,96.5 5 120
bitmap-usage/index-sroar/indexer.go:103.93,108.27 3 18
bitmap-usage/index-sroar/indexer.go:116.2,117.36 2 18
bitmap-usage/index-sroar/indexer.go:121.2,121.27 1 18
bitmap-usage/index-sroar/indexer.go:126.2,126.23 1 18
bitmap-usage/index-sroar/indexer.go:108.27,109.37 1 974428
bitmap-usage/index-sroar/indexer.go:109.37,112.4 2 26
bitmap-usage/index-sroar/indexer.go:117.36,119.3 1 26
bitmap-usage/index-sroar/indexer.go:121.27,125.3 3 974428
bitmap-usage/index-sroar/indexer.go:129.91,134.27 3 18
bitmap-usage/index-sroar/indexer.go:142.2,143.36 2 18
bitmap-usage/index-sroar/indexer.go:146.2,146.27 1 18
bitmap-usage/index-sroar/indexer.go:151.2,151.23 1 18
bitmap-usage/index-sroar/indexer.go:134.27,135.34 1 974428
bitmap-usage/index-sroar/indexer.go:135.34,138.4 2 18
bitmap-usage/index-sroar/indexer.go:143.36,145.3 1 18
bitmap-usage/index-sroar/indexer.go:146.27,150.3 3 974428
bitmap-usage/index-sroar/indexer.go:154.72,156.27 2 18
bitmap-usage/index-sroar/indexer.go:161.2,161.15 1 18
bitmap-usage/index-sroar/indexer.go:156.27,157.18 1 974428
bitmap-usage/index-sroar/indexer.go:157.18,159.4 1 5
bitmap-usage/index-sroar/model.go:13.55,15.2 1 18
bitmap-usage/sample/generate-find-price-json.go:11.29,15.28 4 5
bitmap-usage/sample/generate-find-price-json.go:23.2,26.19 4 5
bitmap-usage/sample/generate-find-price-json.go:34.2,34.16 1 5
bitmap-usage/sample/generate-find-price-json.go:39.2,39.44 1 5
bitmap-usage/sample/generate-find-price-json.go:15.28,22.3 1 111006
bitmap-usage/sample/generate-find-price-json.go:26.19,29.3 2 1
bitmap-usage/sample/generate-find-price-json.go:29.8,32.3 2 4
bitmap-usage/sample/generate-find-price-json.go:34.16,37.3 2 0
bitmap-usage/sample/test-data.go:123.71,130.36 4 6
bitmap-usage/sample/test-data.go:151.2,153.12 2 6
bitmap-usage/sample/test-data.go:130.36,132.30 2 300
bitmap-usage/sample/test-data.go:137.3,138.28 2 300
bitmap-usage/sample/test-data.go:147.3,148.51 2 300
bitmap-usage/sample/test-data.go:132.30,134.4 1 300
bitmap-usage/sample/test-data.go:134.9,136.4 1 0
bitmap-usage/sample/test-data.go:138.28,139.39 1 1500
bitmap-usage/sample/test-data.go:139.39,141.5 1 1500
bitmap-usage/sample/test-data.go:141.10,144.5 2 0
bitmap-usage/sample/test-data.go:157.56,160.35 3 1531789
bitmap-usage/sample/test-data.go:160.35,162.38 2 4464432
bitmap-usage/sample/test-data.go:162.38,164.4 1 1531488
bitmap-usage/sample/test-data.go:164.9,180.4 4 2932944
bitmap-usage/sample64/generate-find-price-json.go:11.29,15.28 4 5
bitmap-usage/sample64/generate-find-price-json.go:23.2,26.19 4 5
bitmap-usage/sample64/generate-find-price-json.go:34.2,34.16 1 5
bitmap-usage/sample64/generate-find-price-json.go:39.2,39.44 1 5
bitmap-usage/sample64/generate-find-price-json.go:15.28,22.3 1 111006
bitmap-usage/sample64/generate-find-price-json.go:26.19,29.3 2 1
bitmap-usage/sample64/generate-find-price-json.go:29.8,32.3 2 4
bitmap-usage/sample64/generate-find-price-json.go:34.16,37.3 2 0
bitmap-usage/sample64/test-data.go:123.73,130.36 4 6
bitmap-usage/sample64/test-data.go:151.2,153.12 2 6
bitmap-usage/sample64/test-data.go:130.36,132.30 2 300
bitmap-usage/sample64/test-data.go:137.3,138.28 2 300
bitmap-usage/sample64/test-data.go:147.3,148.51 2 300
bitmap-usage/sample64/test-data.go:132.30,134.4 1 300
bitmap-usage/sample64/test-data.go:134.9,136.4 1 0
bitmap-usage/sample64/test-data.go:138.28,139.39 1 1500
bitmap-usage/sample64/test-data.go:139.39,141.5 1 1500
bitmap-usage/sample64/test-data.go:141.10,144.5 2 0
bitmap-usage/sample64/test-data.go:157.56,160.35 3 1531789
bitmap-usage/sample64/test-data.go:160.35,162.38 2 4464432
bitmap-usage/sample64/test-data.go:162.38,164.4 1 1531488
bitmap-usage/sample64/test-data.go:164.9,180.4 4 2932944
